CRITICAL - 2023-05-31 03:18:52 --> You must set the database table to be used with your query.
in SYSTEMPATH\Database\BaseConnection.php on line 883.
 1 SYSTEMPATH\Model.php(642): CodeIgniter\Database\BaseConnection->table(null)
 2 SYSTEMPATH\Model.php(234): CodeIgniter\Model->builder()
 3 SYSTEMPATH\BaseModel.php(618): CodeIgniter\Model->doFindAll(0, 0)
 4 APPPATH\Models\AsistenModel.php(13): CodeIgniter\BaseModel->findAll()
 5 APPPATH\Controllers\AsistenController.php(9): App\Models\AsistenModel->getAsisten()
 6 SYSTEMPATH\CodeIgniter.php(934): App\Controllers\AsistenController->index()
 7 SYSTEMPATH\CodeIgniter.php(499): CodeIgniter\CodeIgniter->runController(Object(App\Controllers\AsistenController))
 8 SYSTEMPATH\CodeIgniter.php(368): CodeIgniter\CodeIgniter->handleRequest(null, Object(Config\Cache), false)
 9 FCPATH\index.php(67): CodeIgniter\CodeIgniter->run()
10 SYSTEMPATH\Commands\Server\rewrite.php(47): require_once('D:\\ci-projectArel\\public\\index.php')
CRITICAL - 2023-05-31 03:38:03 --> Invalid file: "asisten_view.php"
in SYSTEMPATH\Exceptions\FrameworkException.php on line 33.
 1 SYSTEMPATH\View\View.php(201): CodeIgniter\Exceptions\FrameworkException::forInvalidFile('asisten_view.php')
 2 SYSTEMPATH\Common.php(1184): CodeIgniter\View\View->render('asisten_view', [], true)
 3 APPPATH\Controllers\AsistenController.php(13): view('asisten_view', [...])
 4 SYSTEMPATH\CodeIgniter.php(934): App\Controllers\AsistenController->index()
 5 SYSTEMPATH\CodeIgniter.php(499): CodeIgniter\CodeIgniter->runController(Object(App\Controllers\AsistenController))
 6 SYSTEMPATH\CodeIgniter.php(368): CodeIgniter\CodeIgniter->handleRequest(null, Object(Config\Cache), false)
 7 FCPATH\index.php(67): CodeIgniter\CodeIgniter->run()
 8 SYSTEMPATH\Commands\Server\rewrite.php(47): require_once('D:\\ci-projectArel\\public\\index.php')
CRITICAL - 2023-05-31 03:38:28 --> Invalid file: "asisten_view.php"
in SYSTEMPATH\Exceptions\FrameworkException.php on line 33.
 1 SYSTEMPATH\View\View.php(201): CodeIgniter\Exceptions\FrameworkException::forInvalidFile('asisten_view.php')
 2 SYSTEMPATH\Common.php(1184): CodeIgniter\View\View->render('asisten_view', [], true)
 3 APPPATH\Controllers\AsistenController.php(13): view('asisten_view', [...])
 4 SYSTEMPATH\CodeIgniter.php(934): App\Controllers\AsistenController->index()
 5 SYSTEMPATH\CodeIgniter.php(499): CodeIgniter\CodeIgniter->runController(Object(App\Controllers\AsistenController))
 6 SYSTEMPATH\CodeIgniter.php(368): CodeIgniter\CodeIgniter->handleRequest(null, Object(Config\Cache), false)
 7 FCPATH\index.php(67): CodeIgniter\CodeIgniter->run()
 8 SYSTEMPATH\Commands\Server\rewrite.php(47): require_once('D:\\ci-projectArel\\public\\index.php')
CRITICAL - 2023-05-31 03:38:59 --> Invalid file: "asisten_view.php"
in SYSTEMPATH\Exceptions\FrameworkException.php on line 33.
 1 SYSTEMPATH\View\View.php(201): CodeIgniter\Exceptions\FrameworkException::forInvalidFile('asisten_view.php')
 2 SYSTEMPATH\Common.php(1184): CodeIgniter\View\View->render('asisten_view', [], true)
 3 APPPATH\Controllers\AsistenController.php(13): view('asisten_view', [...])
 4 SYSTEMPATH\CodeIgniter.php(934): App\Controllers\AsistenController->index()
 5 SYSTEMPATH\CodeIgniter.php(499): CodeIgniter\CodeIgniter->runController(Object(App\Controllers\AsistenController))
 6 SYSTEMPATH\CodeIgniter.php(368): CodeIgniter\CodeIgniter->handleRequest(null, Object(Config\Cache), false)
 7 FCPATH\index.php(67): CodeIgniter\CodeIgniter->run()
 8 SYSTEMPATH\Commands\Server\rewrite.php(47): require_once('D:\\ci-projectArel\\public\\index.php')
CRITICAL - 2023-05-31 03:39:27 --> Invalid file: "asisten_view.php"
in SYSTEMPATH\Exceptions\FrameworkException.php on line 33.
 1 SYSTEMPATH\View\View.php(201): CodeIgniter\Exceptions\FrameworkException::forInvalidFile('asisten_view.php')
 2 SYSTEMPATH\Common.php(1184): CodeIgniter\View\View->render('asisten_view', [], true)
 3 APPPATH\Controllers\AsistenController.php(13): view('asisten_view', [...])
 4 SYSTEMPATH\CodeIgniter.php(934): App\Controllers\AsistenController->index()
 5 SYSTEMPATH\CodeIgniter.php(499): CodeIgniter\CodeIgniter->runController(Object(App\Controllers\AsistenController))
 6 SYSTEMPATH\CodeIgniter.php(368): CodeIgniter\CodeIgniter->handleRequest(null, Object(Config\Cache), false)
 7 FCPATH\index.php(67): CodeIgniter\CodeIgniter->run()
 8 SYSTEMPATH\Commands\Server\rewrite.php(47): require_once('D:\\ci-projectArel\\public\\index.php')
CRITICAL - 2023-05-31 03:39:59 --> Invalid file: "asisten_view.php"
in SYSTEMPATH\Exceptions\FrameworkException.php on line 33.
 1 SYSTEMPATH\View\View.php(201): CodeIgniter\Exceptions\FrameworkException::forInvalidFile('asisten_view.php')
 2 SYSTEMPATH\Common.php(1184): CodeIgniter\View\View->render('asisten_view', [], true)
 3 APPPATH\Controllers\AsistenController.php(13): view('asisten_view', [...])
 4 SYSTEMPATH\CodeIgniter.php(934): App\Controllers\AsistenController->index()
 5 SYSTEMPATH\CodeIgniter.php(499): CodeIgniter\CodeIgniter->runController(Object(App\Controllers\AsistenController))
 6 SYSTEMPATH\CodeIgniter.php(368): CodeIgniter\CodeIgniter->handleRequest(null, Object(Config\Cache), false)
 7 FCPATH\index.php(67): CodeIgniter\CodeIgniter->run()
 8 SYSTEMPATH\Commands\Server\rewrite.php(47): require_once('D:\\ci-projectArel\\public\\index.php')
INFO - 2023-05-31 07:05:57 --> Session: Class initialized using 'CodeIgniter\Session\Handlers\FileHandler' driver.
INFO - 2023-05-31 07:07:09 --> CSRF token verified.
INFO - 2023-05-31 07:17:40 --> Session: Class initialized using 'CodeIgniter\Session\Handlers\FileHandler' driver.
INFO - 2023-05-31 07:17:45 --> CSRF token verified.
INFO - 2023-05-31 07:17:45 --> Session: Class initialized using 'CodeIgniter\Session\Handlers\FileHandler' driver.
INFO - 2023-05-31 07:46:19 --> CSRF token verified.
INFO - 2023-05-31 07:47:00 --> CSRF token verified.
