INFO - 2023-06-10 14:58:37 --> Session: Class initialized using 'CodeIgniter\Session\Handlers\FileHandler' driver.
CRITICAL - 2023-06-10 14:58:37 --> Undefined variable $asisten
in APPPATH\Views\AsistenView.php on line 30.
 1 APPPATH\Views\AsistenView.php(30): CodeIgniter\Debug\Exceptions->errorHandler(2, 'Undefined variable $asisten', 'D:\\ci-projectArel\\app\\Views\\AsistenView.php', 30)
 2 SYSTEMPATH\View\View.php(213): include('D:\\ci-projectArel\\app\\Views\\AsistenView.php')
 3 SYSTEMPATH\View\View.php(216): CodeIgniter\View\View->CodeIgniter\View\{closure}()
 4 SYSTEMPATH\Common.php(1184): CodeIgniter\View\View->render('AsistenView', [], true)
 5 APPPATH\Controllers\LoginAsController.php(36): view('AsistenView')
 6 SYSTEMPATH\CodeIgniter.php(934): App\Controllers\LoginAsController->home()
 7 SYSTEMPATH\CodeIgniter.php(499): CodeIgniter\CodeIgniter->runController(Object(App\Controllers\LoginAsController))
 8 SYSTEMPATH\CodeIgniter.php(368): CodeIgniter\CodeIgniter->handleRequest(null, Object(Config\Cache), false)
 9 FCPATH\index.php(67): CodeIgniter\CodeIgniter->run()
10 SYSTEMPATH\Commands\Server\rewrite.php(47): require_once('D:\\ci-projectArel\\public\\index.php')
CRITICAL - 2023-06-10 15:02:43 --> Invalid file: "asisten.loginasisten"
in SYSTEMPATH\Exceptions\FrameworkException.php on line 33.
 1 SYSTEMPATH\View\View.php(201): CodeIgniter\Exceptions\FrameworkException::forInvalidFile('asisten.loginasisten')
 2 SYSTEMPATH\Common.php(1184): CodeIgniter\View\View->render('asisten.loginasisten', [], true)
 3 APPPATH\Controllers\AsistenController.php(102): view('asisten.loginasisten')
 4 SYSTEMPATH\CodeIgniter.php(934): App\Controllers\AsistenController->home()
 5 SYSTEMPATH\CodeIgniter.php(499): CodeIgniter\CodeIgniter->runController(Object(App\Controllers\AsistenController))
 6 SYSTEMPATH\CodeIgniter.php(368): CodeIgniter\CodeIgniter->handleRequest(null, Object(Config\Cache), false)
 7 FCPATH\index.php(67): CodeIgniter\CodeIgniter->run()
 8 SYSTEMPATH\Commands\Server\rewrite.php(47): require_once('D:\\ci-projectArel\\public\\index.php')
CRITICAL - 2023-06-10 15:05:52 --> Invalid file: "asisten.loginasisten"
in SYSTEMPATH\Exceptions\FrameworkException.php on line 33.
 1 SYSTEMPATH\View\View.php(201): CodeIgniter\Exceptions\FrameworkException::forInvalidFile('asisten.loginasisten')
 2 SYSTEMPATH\Common.php(1184): CodeIgniter\View\View->render('asisten.loginasisten', [], true)
 3 APPPATH\Controllers\AsistenController.php(102): view('asisten.loginasisten')
 4 SYSTEMPATH\CodeIgniter.php(934): App\Controllers\AsistenController->home()
 5 SYSTEMPATH\CodeIgniter.php(499): CodeIgniter\CodeIgniter->runController(Object(App\Controllers\AsistenController))
 6 SYSTEMPATH\CodeIgniter.php(368): CodeIgniter\CodeIgniter->handleRequest(null, Object(Config\Cache), false)
 7 FCPATH\index.php(67): CodeIgniter\CodeIgniter->run()
 8 SYSTEMPATH\Commands\Server\rewrite.php(47): require_once('D:\\ci-projectArel\\public\\index.php')
INFO - 2023-06-10 15:08:21 --> CSRF token verified.
INFO - 2023-06-10 15:08:44 --> CSRF token verified.
INFO - 2023-06-10 15:08:44 --> Session: Class initialized using 'CodeIgniter\Session\Handlers\FileHandler' driver.
INFO - 2023-06-10 15:10:19 --> CSRF token verified.
INFO - 2023-06-10 15:10:19 --> Session: Class initialized using 'CodeIgniter\Session\Handlers\FileHandler' driver.
INFO - 2023-06-10 15:10:29 --> CSRF token verified.
INFO - 2023-06-10 15:10:29 --> Session: Class initialized using 'CodeIgniter\Session\Handlers\FileHandler' driver.
INFO - 2023-06-10 15:11:36 --> CSRF token verified.
CRITICAL - 2023-06-10 15:11:37 --> Undefined array key "usr"
in APPPATH\Controllers\AsistenController.php on line 110.
 1 APPPATH\Controllers\AsistenController.php(110): CodeIgniter\Debug\Exceptions->errorHandler(2, 'Undefined array key "usr"', 'D:\\ci-projectArel\\app\\Controllers\\AsistenController.php', 110)
 2 SYSTEMPATH\CodeIgniter.php(934): App\Controllers\AsistenController->checklogin()
 3 SYSTEMPATH\CodeIgniter.php(499): CodeIgniter\CodeIgniter->runController(Object(App\Controllers\AsistenController))
 4 SYSTEMPATH\CodeIgniter.php(368): CodeIgniter\CodeIgniter->handleRequest(null, Object(Config\Cache), false)
 5 FCPATH\index.php(67): CodeIgniter\CodeIgniter->run()
 6 SYSTEMPATH\Commands\Server\rewrite.php(47): require_once('D:\\ci-projectArel\\public\\index.php')
INFO - 2023-06-10 15:12:14 --> CSRF token verified.
INFO - 2023-06-10 15:12:14 --> Session: Class initialized using 'CodeIgniter\Session\Handlers\FileHandler' driver.
INFO - 2023-06-10 15:12:45 --> CSRF token verified.
INFO - 2023-06-10 15:12:45 --> Session: Class initialized using 'CodeIgniter\Session\Handlers\FileHandler' driver.
INFO - 2023-06-10 15:23:39 --> CSRF token verified.
INFO - 2023-06-10 15:23:39 --> Session: Class initialized using 'CodeIgniter\Session\Handlers\FileHandler' driver.
INFO - 2023-06-10 15:30:18 --> CSRF token verified.
INFO - 2023-06-10 15:30:18 --> Session: Class initialized using 'CodeIgniter\Session\Handlers\FileHandler' driver.
INFO - 2023-06-10 15:30:26 --> CSRF token verified.
INFO - 2023-06-10 15:30:27 --> Session: Class initialized using 'CodeIgniter\Session\Handlers\FileHandler' driver.
INFO - 2023-06-10 15:31:48 --> CSRF token verified.
INFO - 2023-06-10 15:31:48 --> Session: Class initialized using 'CodeIgniter\Session\Handlers\FileHandler' driver.
INFO - 2023-06-10 15:32:30 --> CSRF token verified.
INFO - 2023-06-10 15:32:30 --> Session: Class initialized using 'CodeIgniter\Session\Handlers\FileHandler' driver.
INFO - 2023-06-10 15:34:00 --> CSRF token verified.
INFO - 2023-06-10 15:34:00 --> Session: Class initialized using 'CodeIgniter\Session\Handlers\FileHandler' driver.
INFO - 2023-06-10 15:37:05 --> Session: Class initialized using 'CodeIgniter\Session\Handlers\FileHandler' driver.
CRITICAL - 2023-06-10 15:37:05 --> Undefined variable $asisten
in APPPATH\Views\AsistenView.php on line 30.
 1 APPPATH\Views\AsistenView.php(30): CodeIgniter\Debug\Exceptions->errorHandler(2, 'Undefined variable $asisten', 'D:\\ci-projectArel\\app\\Views\\AsistenView.php', 30)
 2 SYSTEMPATH\View\View.php(213): include('D:\\ci-projectArel\\app\\Views\\AsistenView.php')
 3 SYSTEMPATH\View\View.php(216): CodeIgniter\View\View->CodeIgniter\View\{closure}()
 4 SYSTEMPATH\Common.php(1184): CodeIgniter\View\View->render('AsistenView', [], true)
 5 APPPATH\Controllers\AsistenController.php(104): view('AsistenView')
 6 SYSTEMPATH\CodeIgniter.php(934): App\Controllers\AsistenController->home()
 7 SYSTEMPATH\CodeIgniter.php(499): CodeIgniter\CodeIgniter->runController(Object(App\Controllers\AsistenController))
 8 SYSTEMPATH\CodeIgniter.php(368): CodeIgniter\CodeIgniter->handleRequest(null, Object(Config\Cache), false)
 9 FCPATH\index.php(67): CodeIgniter\CodeIgniter->run()
10 SYSTEMPATH\Commands\Server\rewrite.php(47): require_once('D:\\ci-projectArel\\public\\index.php')
INFO - 2023-06-10 15:41:19 --> Session: Class initialized using 'CodeIgniter\Session\Handlers\FileHandler' driver.
CRITICAL - 2023-06-10 15:41:19 --> Undefined variable $asisten
in APPPATH\Views\AsistenView.php on line 30.
 1 APPPATH\Views\AsistenView.php(30): CodeIgniter\Debug\Exceptions->errorHandler(2, 'Undefined variable $asisten', 'D:\\ci-projectArel\\app\\Views\\AsistenView.php', 30)
 2 SYSTEMPATH\View\View.php(213): include('D:\\ci-projectArel\\app\\Views\\AsistenView.php')
 3 SYSTEMPATH\View\View.php(216): CodeIgniter\View\View->CodeIgniter\View\{closure}()
 4 SYSTEMPATH\Common.php(1184): CodeIgniter\View\View->render('AsistenView', [], true)
 5 APPPATH\Controllers\AsistenController.php(104): view('AsistenView')
 6 SYSTEMPATH\CodeIgniter.php(934): App\Controllers\AsistenController->home()
 7 SYSTEMPATH\CodeIgniter.php(499): CodeIgniter\CodeIgniter->runController(Object(App\Controllers\AsistenController))
 8 SYSTEMPATH\CodeIgniter.php(368): CodeIgniter\CodeIgniter->handleRequest(null, Object(Config\Cache), false)
 9 FCPATH\index.php(67): CodeIgniter\CodeIgniter->run()
10 SYSTEMPATH\Commands\Server\rewrite.php(47): require_once('D:\\ci-projectArel\\public\\index.php')
INFO - 2023-06-10 15:41:27 --> Session: Class initialized using 'CodeIgniter\Session\Handlers\FileHandler' driver.
CRITICAL - 2023-06-10 15:41:27 --> Undefined variable $asisten
in APPPATH\Views\AsistenView.php on line 30.
 1 APPPATH\Views\AsistenView.php(30): CodeIgniter\Debug\Exceptions->errorHandler(2, 'Undefined variable $asisten', 'D:\\ci-projectArel\\app\\Views\\AsistenView.php', 30)
 2 SYSTEMPATH\View\View.php(213): include('D:\\ci-projectArel\\app\\Views\\AsistenView.php')
 3 SYSTEMPATH\View\View.php(216): CodeIgniter\View\View->CodeIgniter\View\{closure}()
 4 SYSTEMPATH\Common.php(1184): CodeIgniter\View\View->render('AsistenView', [], true)
 5 APPPATH\Controllers\AsistenController.php(104): view('AsistenView')
 6 SYSTEMPATH\CodeIgniter.php(934): App\Controllers\AsistenController->home()
 7 SYSTEMPATH\CodeIgniter.php(499): CodeIgniter\CodeIgniter->runController(Object(App\Controllers\AsistenController))
 8 SYSTEMPATH\CodeIgniter.php(368): CodeIgniter\CodeIgniter->handleRequest(null, Object(Config\Cache), false)
 9 FCPATH\index.php(67): CodeIgniter\CodeIgniter->run()
10 SYSTEMPATH\Commands\Server\rewrite.php(47): require_once('D:\\ci-projectArel\\public\\index.php')
INFO - 2023-06-10 15:45:45 --> Session: Class initialized using 'CodeIgniter\Session\Handlers\FileHandler' driver.
INFO - 2023-06-10 15:47:01 --> Session: Class initialized using 'CodeIgniter\Session\Handlers\FileHandler' driver.
INFO - 2023-06-10 15:47:07 --> CSRF token verified.
INFO - 2023-06-10 15:47:07 --> Session: Class initialized using 'CodeIgniter\Session\Handlers\FileHandler' driver.
INFO - 2023-06-10 15:47:08 --> Session: Class initialized using 'CodeIgniter\Session\Handlers\FileHandler' driver.
INFO - 2023-06-10 15:47:17 --> CSRF token verified.
INFO - 2023-06-10 15:47:17 --> Session: Class initialized using 'CodeIgniter\Session\Handlers\FileHandler' driver.
INFO - 2023-06-10 15:47:17 --> Session: Class initialized using 'CodeIgniter\Session\Handlers\FileHandler' driver.
CRITICAL - 2023-06-10 15:51:50 --> Trying to access array offset on value of type null
in APPPATH\Models\LoginModel.php on line 14.
 1 APPPATH\Models\LoginModel.php(14): CodeIgniter\Debug\Exceptions->errorHandler(2, 'Trying to access array offset on value of type null', 'D:\\ci-projectArel\\app\\Models\\LoginModel.php', 14)
 2 APPPATH\Controllers\AsistenController.php(113): App\Models\LoginModel->checklogin(null, null)
 3 SYSTEMPATH\CodeIgniter.php(934): App\Controllers\AsistenController->checklogin()
 4 SYSTEMPATH\CodeIgniter.php(499): CodeIgniter\CodeIgniter->runController(Object(App\Controllers\AsistenController))
 5 SYSTEMPATH\CodeIgniter.php(368): CodeIgniter\CodeIgniter->handleRequest(null, Object(Config\Cache), false)
 6 FCPATH\index.php(67): CodeIgniter\CodeIgniter->run()
 7 SYSTEMPATH\Commands\Server\rewrite.php(47): require_once('D:\\ci-projectArel\\public\\index.php')
INFO - 2023-06-10 15:52:38 --> CSRF token verified.
CRITICAL - 2023-06-10 15:52:38 --> Trying to access array offset on value of type null
in APPPATH\Models\LoginModel.php on line 14.
 1 APPPATH\Models\LoginModel.php(14): CodeIgniter\Debug\Exceptions->errorHandler(2, 'Trying to access array offset on value of type null', 'D:\\ci-projectArel\\app\\Models\\LoginModel.php', 14)
 2 APPPATH\Controllers\AsistenController.php(113): App\Models\LoginModel->checklogin(null, null)
 3 SYSTEMPATH\CodeIgniter.php(934): App\Controllers\AsistenController->checklogin()
 4 SYSTEMPATH\CodeIgniter.php(499): CodeIgniter\CodeIgniter->runController(Object(App\Controllers\AsistenController))
 5 SYSTEMPATH\CodeIgniter.php(368): CodeIgniter\CodeIgniter->handleRequest(null, Object(Config\Cache), false)
 6 FCPATH\index.php(67): CodeIgniter\CodeIgniter->run()
 7 SYSTEMPATH\Commands\Server\rewrite.php(47): require_once('D:\\ci-projectArel\\public\\index.php')
INFO - 2023-06-10 15:54:23 --> CSRF token verified.
INFO - 2023-06-10 15:54:23 --> Session: Class initialized using 'CodeIgniter\Session\Handlers\FileHandler' driver.
INFO - 2023-06-10 15:55:00 --> CSRF token verified.
INFO - 2023-06-10 15:55:01 --> Session: Class initialized using 'CodeIgniter\Session\Handlers\FileHandler' driver.
INFO - 2023-06-10 15:55:09 --> CSRF token verified.
INFO - 2023-06-10 15:55:09 --> Session: Class initialized using 'CodeIgniter\Session\Handlers\FileHandler' driver.
INFO - 2023-06-10 15:57:54 --> CSRF token verified.
INFO - 2023-06-10 15:57:54 --> Session: Class initialized using 'CodeIgniter\Session\Handlers\FileHandler' driver.
INFO - 2023-06-10 15:59:49 --> CSRF token verified.
INFO - 2023-06-10 15:59:49 --> Session: Class initialized using 'CodeIgniter\Session\Handlers\FileHandler' driver.
INFO - 2023-06-10 16:00:48 --> CSRF token verified.
INFO - 2023-06-10 16:00:48 --> Session: Class initialized using 'CodeIgniter\Session\Handlers\FileHandler' driver.
INFO - 2023-06-10 16:00:58 --> CSRF token verified.
INFO - 2023-06-10 16:00:58 --> Session: Class initialized using 'CodeIgniter\Session\Handlers\FileHandler' driver.
CRITICAL - 2023-06-10 16:01:45 --> The action you requested is not allowed.
in SYSTEMPATH\Security\Security.php on line 306.
 1 SYSTEMPATH\Security\Security.php(306): CodeIgniter\Security\Exceptions\SecurityException::forDisallowedAction()
 2 SYSTEMPATH\Filters\CSRF.php(55): CodeIgniter\Security\Security->verify(Object(CodeIgniter\HTTP\IncomingRequest))
 3 SYSTEMPATH\Filters\Filters.php(173): CodeIgniter\Filters\CSRF->before(Object(CodeIgniter\HTTP\IncomingRequest), null)
 4 SYSTEMPATH\CodeIgniter.php(473): CodeIgniter\Filters\Filters->run('asisten/checklogin', 'before')
 5 SYSTEMPATH\CodeIgniter.php(368): CodeIgniter\CodeIgniter->handleRequest(null, Object(Config\Cache), false)
 6 FCPATH\index.php(67): CodeIgniter\CodeIgniter->run()
 7 SYSTEMPATH\Commands\Server\rewrite.php(47): require_once('D:\\ci-projectArel\\public\\index.php')
INFO - 2023-06-10 16:04:40 --> Session: Class initialized using 'CodeIgniter\Session\Handlers\FileHandler' driver.
INFO - 2023-06-10 16:04:51 --> CSRF token verified.
INFO - 2023-06-10 16:04:51 --> Session: Class initialized using 'CodeIgniter\Session\Handlers\FileHandler' driver.
CRITICAL - 2023-06-10 16:05:09 --> The action you requested is not allowed.
in SYSTEMPATH\Security\Security.php on line 306.
 1 SYSTEMPATH\Security\Security.php(306): CodeIgniter\Security\Exceptions\SecurityException::forDisallowedAction()
 2 SYSTEMPATH\Filters\CSRF.php(55): CodeIgniter\Security\Security->verify(Object(CodeIgniter\HTTP\IncomingRequest))
 3 SYSTEMPATH\Filters\Filters.php(173): CodeIgniter\Filters\CSRF->before(Object(CodeIgniter\HTTP\IncomingRequest), null)
 4 SYSTEMPATH\CodeIgniter.php(473): CodeIgniter\Filters\Filters->run('asisten/checklogin', 'before')
 5 SYSTEMPATH\CodeIgniter.php(368): CodeIgniter\CodeIgniter->handleRequest(null, Object(Config\Cache), false)
 6 FCPATH\index.php(67): CodeIgniter\CodeIgniter->run()
 7 SYSTEMPATH\Commands\Server\rewrite.php(47): require_once('D:\\ci-projectArel\\public\\index.php')
INFO - 2023-06-10 16:05:19 --> Session: Class initialized using 'CodeIgniter\Session\Handlers\FileHandler' driver.
INFO - 2023-06-10 16:05:27 --> CSRF token verified.
INFO - 2023-06-10 16:05:27 --> Session: Class initialized using 'CodeIgniter\Session\Handlers\FileHandler' driver.
INFO - 2023-06-10 16:05:35 --> CSRF token verified.
INFO - 2023-06-10 16:05:35 --> Session: Class initialized using 'CodeIgniter\Session\Handlers\FileHandler' driver.
CRITICAL - 2023-06-10 16:24:12 --> The action you requested is not allowed.
in SYSTEMPATH\Security\Security.php on line 306.
 1 SYSTEMPATH\Security\Security.php(306): CodeIgniter\Security\Exceptions\SecurityException::forDisallowedAction()
 2 SYSTEMPATH\Filters\CSRF.php(55): CodeIgniter\Security\Security->verify(Object(CodeIgniter\HTTP\IncomingRequest))
 3 SYSTEMPATH\Filters\Filters.php(173): CodeIgniter\Filters\CSRF->before(Object(CodeIgniter\HTTP\IncomingRequest), null)
 4 SYSTEMPATH\CodeIgniter.php(473): CodeIgniter\Filters\Filters->run('asisten/checklogin', 'before')
 5 SYSTEMPATH\CodeIgniter.php(368): CodeIgniter\CodeIgniter->handleRequest(null, Object(Config\Cache), false)
 6 FCPATH\index.php(67): CodeIgniter\CodeIgniter->run()
 7 SYSTEMPATH\Commands\Server\rewrite.php(47): require_once('D:\\ci-projectArel\\public\\index.php')
CRITICAL - 2023-06-10 16:24:40 --> The action you requested is not allowed.
in SYSTEMPATH\Security\Security.php on line 306.
 1 SYSTEMPATH\Security\Security.php(306): CodeIgniter\Security\Exceptions\SecurityException::forDisallowedAction()
 2 SYSTEMPATH\Filters\CSRF.php(55): CodeIgniter\Security\Security->verify(Object(CodeIgniter\HTTP\IncomingRequest))
 3 SYSTEMPATH\Filters\Filters.php(173): CodeIgniter\Filters\CSRF->before(Object(CodeIgniter\HTTP\IncomingRequest), null)
 4 SYSTEMPATH\CodeIgniter.php(473): CodeIgniter\Filters\Filters->run('asisten/checklogin', 'before')
 5 SYSTEMPATH\CodeIgniter.php(368): CodeIgniter\CodeIgniter->handleRequest(null, Object(Config\Cache), false)
 6 FCPATH\index.php(67): CodeIgniter\CodeIgniter->run()
 7 SYSTEMPATH\Commands\Server\rewrite.php(47): require_once('D:\\ci-projectArel\\public\\index.php')
INFO - 2023-06-10 16:25:02 --> Session: Class initialized using 'CodeIgniter\Session\Handlers\FileHandler' driver.
INFO - 2023-06-10 16:25:11 --> CSRF token verified.
INFO - 2023-06-10 16:25:11 --> Session: Class initialized using 'CodeIgniter\Session\Handlers\FileHandler' driver.
INFO - 2023-06-10 16:25:18 --> CSRF token verified.
INFO - 2023-06-10 16:25:18 --> Session: Class initialized using 'CodeIgniter\Session\Handlers\FileHandler' driver.
CRITICAL - 2023-06-10 16:26:49 --> The action you requested is not allowed.
in SYSTEMPATH\Security\Security.php on line 306.
 1 SYSTEMPATH\Security\Security.php(306): CodeIgniter\Security\Exceptions\SecurityException::forDisallowedAction()
 2 SYSTEMPATH\Filters\CSRF.php(55): CodeIgniter\Security\Security->verify(Object(CodeIgniter\HTTP\IncomingRequest))
 3 SYSTEMPATH\Filters\Filters.php(173): CodeIgniter\Filters\CSRF->before(Object(CodeIgniter\HTTP\IncomingRequest), null)
 4 SYSTEMPATH\CodeIgniter.php(473): CodeIgniter\Filters\Filters->run('asisten/checklogin', 'before')
 5 SYSTEMPATH\CodeIgniter.php(368): CodeIgniter\CodeIgniter->handleRequest(null, Object(Config\Cache), false)
 6 FCPATH\index.php(67): CodeIgniter\CodeIgniter->run()
 7 SYSTEMPATH\Commands\Server\rewrite.php(47): require_once('D:\\ci-projectArel\\public\\index.php')
INFO - 2023-06-10 16:27:02 --> Session: Class initialized using 'CodeIgniter\Session\Handlers\FileHandler' driver.
INFO - 2023-06-10 16:44:38 --> CSRF token verified.
CRITICAL - 2023-06-10 16:44:38 --> Too few arguments to function App\Models\LoginModel::checkLogin(), 1 passed in D:\ci-projectArel\app\Controllers\AsistenController.php on line 111 and exactly 2 expected
in APPPATH\Models\LoginModel.php on line 13.
 1 APPPATH\Controllers\AsistenController.php(111): App\Models\LoginModel->checkLogin([...])
 2 SYSTEMPATH\CodeIgniter.php(934): App\Controllers\AsistenController->checklogin()
 3 SYSTEMPATH\CodeIgniter.php(499): CodeIgniter\CodeIgniter->runController(Object(App\Controllers\AsistenController))
 4 SYSTEMPATH\CodeIgniter.php(368): CodeIgniter\CodeIgniter->handleRequest(null, Object(Config\Cache), false)
 5 FCPATH\index.php(67): CodeIgniter\CodeIgniter->run()
 6 SYSTEMPATH\Commands\Server\rewrite.php(47): require_once('D:\\ci-projectArel\\public\\index.php')
INFO - 2023-06-10 16:45:21 --> Session: Class initialized using 'CodeIgniter\Session\Handlers\FileHandler' driver.
INFO - 2023-06-10 16:45:26 --> CSRF token verified.
INFO - 2023-06-10 16:46:51 --> Session: Class initialized using 'CodeIgniter\Session\Handlers\FileHandler' driver.
INFO - 2023-06-10 16:46:55 --> CSRF token verified.
INFO - 2023-06-10 16:47:23 --> Session: Class initialized using 'CodeIgniter\Session\Handlers\FileHandler' driver.
INFO - 2023-06-10 16:47:28 --> CSRF token verified.
INFO - 2023-06-10 16:47:28 --> Session: Class initialized using 'CodeIgniter\Session\Handlers\FileHandler' driver.
INFO - 2023-06-10 16:47:34 --> CSRF token verified.
INFO - 2023-06-10 16:47:34 --> Session: Class initialized using 'CodeIgniter\Session\Handlers\FileHandler' driver.
INFO - 2023-06-10 16:47:39 --> CSRF token verified.
INFO - 2023-06-10 16:47:39 --> Session: Class initialized using 'CodeIgniter\Session\Handlers\FileHandler' driver.
INFO - 2023-06-10 16:48:58 --> Session: Class initialized using 'CodeIgniter\Session\Handlers\FileHandler' driver.
INFO - 2023-06-10 16:49:02 --> CSRF token verified.
INFO - 2023-06-10 16:49:02 --> Session: Class initialized using 'CodeIgniter\Session\Handlers\FileHandler' driver.
INFO - 2023-06-10 16:49:08 --> CSRF token verified.
INFO - 2023-06-10 16:49:08 --> Session: Class initialized using 'CodeIgniter\Session\Handlers\FileHandler' driver.
INFO - 2023-06-10 16:50:06 --> Session: Class initialized using 'CodeIgniter\Session\Handlers\FileHandler' driver.
INFO - 2023-06-10 16:50:17 --> CSRF token verified.
INFO - 2023-06-10 16:50:17 --> Session: Class initialized using 'CodeIgniter\Session\Handlers\FileHandler' driver.
INFO - 2023-06-10 16:50:22 --> CSRF token verified.
INFO - 2023-06-10 16:50:22 --> Session: Class initialized using 'CodeIgniter\Session\Handlers\FileHandler' driver.
INFO - 2023-06-10 16:53:46 --> CSRF token verified.
INFO - 2023-06-10 16:53:46 --> Session: Class initialized using 'CodeIgniter\Session\Handlers\FileHandler' driver.
INFO - 2023-06-10 16:53:49 --> CSRF token verified.
INFO - 2023-06-10 16:53:49 --> Session: Class initialized using 'CodeIgniter\Session\Handlers\FileHandler' driver.
