CRITICAL - 2023-05-24 07:23:41 --> Cannot use App\Controllers\Pages as Pages because the name is already in use
in APPPATH\Config\Routes.php on line 69.
 1 [internal function]: CodeIgniter\Debug\Exceptions->shutdownHandler()
ERROR - 2023-05-24 07:27:38 --> mysqli_sql_exception: Table 'platform.todolist' doesn't exist in D:\ci-projectArel\vendor\codeigniter4\framework\system\Database\MySQLi\Connection.php:295
Stack trace:
#0 D:\ci-projectArel\vendor\codeigniter4\framework\system\Database\MySQLi\Connection.php(295): mysqli->query('SELECT *\nFROM `...', 0)
#1 D:\ci-projectArel\vendor\codeigniter4\framework\system\Database\BaseConnection.php(692): CodeIgniter\Database\MySQLi\Connection->execute('SELECT *\nFROM `...')
#2 D:\ci-projectArel\vendor\codeigniter4\framework\system\Database\BaseConnection.php(606): CodeIgniter\Database\BaseConnection->simpleQuery('SELECT *\nFROM `...')
#3 D:\ci-projectArel\vendor\codeigniter4\framework\system\Database\BaseBuilder.php(1616): CodeIgniter\Database\BaseConnection->query('SELECT *\nFROM `...', Array, false)
#4 D:\ci-projectArel\vendor\codeigniter4\framework\system\Model.php(241): CodeIgniter\Database\BaseBuilder->get()
#5 D:\ci-projectArel\vendor\codeigniter4\framework\system\BaseModel.php(618): CodeIgniter\Model->doFindAll(0, 0)
#6 D:\ci-projectArel\app\Models\Todolist_model.php(15): CodeIgniter\BaseModel->findAll()
#7 D:\ci-projectArel\app\Controllers\Todolist.php(18): App\Models\Todolist_model->getActiveTasks()
#8 D:\ci-projectArel\vendor\codeigniter4\framework\system\CodeIgniter.php(934): App\Controllers\Todolist->index()
#9 D:\ci-projectArel\vendor\codeigniter4\framework\system\CodeIgniter.php(499): CodeIgniter\CodeIgniter->runController(Object(App\Controllers\Todolist))
#10 D:\ci-projectArel\vendor\codeigniter4\framework\system\CodeIgniter.php(368): CodeIgniter\CodeIgniter->handleRequest(NULL, Object(Config\Cache), false)
#11 D:\ci-projectArel\public\index.php(67): CodeIgniter\CodeIgniter->run()
#12 D:\ci-projectArel\vendor\codeigniter4\framework\system\Commands\Server\rewrite.php(47): require_once('D:\\ci-projectAr...')
#13 {main}
CRITICAL - 2023-05-24 07:27:38 --> Table 'platform.todolist' doesn't exist
in SYSTEMPATH\Database\MySQLi\Connection.php on line 295.
 1 SYSTEMPATH\Database\MySQLi\Connection.php(295): mysqli->query('SELECT *
FROM `todolist`
WHERE `status` = \'aktif\'', 0)
 2 SYSTEMPATH\Database\BaseConnection.php(692): CodeIgniter\Database\MySQLi\Connection->execute('SELECT *
FROM `todolist`
WHERE `status` = \'aktif\'')
 3 SYSTEMPATH\Database\BaseConnection.php(606): CodeIgniter\Database\BaseConnection->simpleQuery('SELECT *
FROM `todolist`
WHERE `status` = \'aktif\'')
 4 SYSTEMPATH\Database\BaseBuilder.php(1616): CodeIgniter\Database\BaseConnection->query('SELECT *
FROM `todolist`
WHERE `status` = :status:', [...], false)
 5 SYSTEMPATH\Model.php(241): CodeIgniter\Database\BaseBuilder->get()
 6 SYSTEMPATH\BaseModel.php(618): CodeIgniter\Model->doFindAll(0, 0)
 7 APPPATH\Models\Todolist_model.php(15): CodeIgniter\BaseModel->findAll()
 8 APPPATH\Controllers\Todolist.php(18): App\Models\Todolist_model->getActiveTasks()
 9 SYSTEMPATH\CodeIgniter.php(934): App\Controllers\Todolist->index()
10 SYSTEMPATH\CodeIgniter.php(499): CodeIgniter\CodeIgniter->runController(Object(App\Controllers\Todolist))
11 SYSTEMPATH\CodeIgniter.php(368): CodeIgniter\CodeIgniter->handleRequest(null, Object(Config\Cache), false)
12 FCPATH\index.php(67): CodeIgniter\CodeIgniter->run()
13 SYSTEMPATH\Commands\Server\rewrite.php(47): require_once('D:\\ci-projectArel\\public\\index.php')
